<?xml version="1.0" encoding="UTF-8"?>
<!-- Generated by org.testng.reporters.JUnitReportReporter -->
<testsuite hostname="DESKTOP-5L7N2A8" failures="0" tests="2" name="TP3Test" time="16.133" errors="0" timestamp="2022-09-12T10:16:08 CEST" skipped="0">
  <testcase classname="TP3Test" name="testAmazon" time="8.066"/>
  <system-out/>
  <testcase classname="TP3Test" name="testAmazonList" time="8.067"/>
  <system-out/>
</testsuite> <!-- TP3Test -->
