<?xml version="1.0" encoding="UTF-8"?>
<!-- Generated by org.testng.reporters.JUnitReportReporter -->
<testsuite hostname="DESKTOP-5L7N2A8" failures="0" tests="2" name="TP1Test" time="11.433" errors="0" timestamp="2022-09-12T10:16:08 CEST" skipped="0">
  <testcase classname="TP1Test" name="testAmazon" time="5.236"/>
  <system-out/>
  <testcase classname="TP1Test" name="test1" time="6.197"/>
  <system-out/>
</testsuite> <!-- TP1Test -->
